[0m09:47:14.316831 [debug] [MainThread]: Sending event: {'category': 'dbt', 'action': 'invocation', 'label': 'start', 'context': [<snowplow_tracker.self_describing_json.SelfDescribingJson object at 0x000001EBEE322BC0>, <snowplow_tracker.self_describing_json.SelfDescribingJson object at 0x000001EBF106A980>, <snowplow_tracker.self_describing_json.SelfDescribingJson object at 0x000001EBF106A7D0>]}


============================== 09:47:14.322167 | aa9a71af-68e7-4278-854a-e5acfe1fe1ba ==============================
[0m09:47:14.322167 [info ] [MainThread]: Running with dbt=1.6.0
[0m09:47:14.323184 [debug] [MainThread]: running dbt with arguments {'printer_width': '80', 'indirect_selection': 'eager', 'log_cache_events': 'False', 'write_json': 'True', 'partial_parse': 'True', 'cache_selected_only': 'False', 'warn_error': 'None', 'fail_fast': 'False', 'debug': 'False', 'log_path': 'logs', 'version_check': 'True', 'profiles_dir': 'C:\\Users\\as4ti\\.dbt', 'use_colors': 'True', 'use_experimental_parser': 'False', 'no_print': 'None', 'quiet': 'False', 'log_format': 'default', 'invocation_command': 'dbt init sakila_dbt', 'warn_error_options': 'WarnErrorOptions(include=[], exclude=[])', 'introspect': 'True', 'target_path': 'None', 'static_parser': 'True', 'send_anonymous_usage_stats': 'True'}
[0m09:47:14.332303 [debug] [MainThread]: Starter project path: C:\Python310\lib\site-packages\dbt\include\starter_project
[0m09:47:14.345349 [info ] [MainThread]: 
Your new dbt project "sakila_dbt" was created!

For more information on how to configure the profiles.yml file,
please consult the dbt documentation here:

  https://docs.getdbt.com/docs/configure-your-profile

One more thing:

Need help? Don't hesitate to reach out to us via GitHub issues or on Slack:

  https://community.getdbt.com/

Happy modeling!

[0m09:47:14.346757 [info ] [MainThread]: Setting up your profile.
[0m09:47:39.311679 [debug] [MainThread]: Command `dbt init` succeeded at 09:47:39.311679 after 25.02 seconds
[0m09:47:39.312673 [debug] [MainThread]: Sending event: {'category': 'dbt', 'action': 'invocation', 'label': 'end', 'context': [<snowplow_tracker.self_describing_json.SelfDescribingJson object at 0x000001EBEE322BC0>, <snowplow_tracker.self_describing_json.SelfDescribingJson object at 0x000001EBEA3F8B50>, <snowplow_tracker.self_describing_json.SelfDescribingJson object at 0x000001EBF106A980>]}
[0m09:47:39.313669 [debug] [MainThread]: Flushing usage events
[0m14:57:25.132196 [debug] [MainThread]: Sending event: {'category': 'dbt', 'action': 'invocation', 'label': 'start', 'context': [<snowplow_tracker.self_describing_json.SelfDescribingJson object at 0x000001D1FD6F2B30>, <snowplow_tracker.self_describing_json.SelfDescribingJson object at 0x000001D18062E8F0>, <snowplow_tracker.self_describing_json.SelfDescribingJson object at 0x000001D18062E740>]}


============================== 14:57:25.136114 | 63ab558c-c906-49f4-8136-7eaa6ad97a24 ==============================
[0m14:57:25.136114 [info ] [MainThread]: Running with dbt=1.6.0
[0m14:57:25.137251 [debug] [MainThread]: running dbt with arguments {'printer_width': '80', 'indirect_selection': 'eager', 'write_json': 'True', 'log_cache_events': 'False', 'partial_parse': 'True', 'cache_selected_only': 'False', 'profiles_dir': 'C:\\Users\\as4ti\\.dbt', 'version_check': 'True', 'debug': 'False', 'log_path': 'logs', 'fail_fast': 'False', 'warn_error': 'None', 'use_colors': 'True', 'use_experimental_parser': 'False', 'no_print': 'None', 'quiet': 'False', 'warn_error_options': 'WarnErrorOptions(include=[], exclude=[])', 'invocation_command': 'dbt debug', 'static_parser': 'True', 'introspect': 'True', 'target_path': 'None', 'log_format': 'default', 'send_anonymous_usage_stats': 'True'}
[0m14:57:25.138251 [info ] [MainThread]: dbt version: 1.6.0
[0m14:57:25.139248 [info ] [MainThread]: python version: 3.10.10
[0m14:57:25.139248 [info ] [MainThread]: python path: C:\Python310\python.exe
[0m14:57:25.140259 [info ] [MainThread]: os info: Windows-10-10.0.22621-SP0
[0m14:57:25.226216 [info ] [MainThread]: Using profiles dir at C:\Users\as4ti\.dbt
[0m14:57:25.227205 [info ] [MainThread]: Using profiles.yml file at C:\Users\as4ti\.dbt\profiles.yml
[0m14:57:25.228156 [info ] [MainThread]: Using dbt_project.yml file at C:\Users\as4ti\OneDrive\PowerBI\Projects\AgileEnginePBI\Git_hub\dbt_project.yml
[0m14:57:25.229153 [info ] [MainThread]: Configuration:
[0m14:57:25.230154 [info ] [MainThread]:   profiles.yml file [[31mERROR invalid[0m]
[0m14:57:25.231190 [info ] [MainThread]:   dbt_project.yml file [[31mERROR not found[0m]
[0m14:57:25.232154 [info ] [MainThread]: Required dependencies:
[0m14:57:25.232154 [debug] [MainThread]: Executing "git --help"
[0m14:57:25.248088 [debug] [MainThread]: STDOUT: "b"usage: git [-v | --version] [-h | --help] [-C <path>] [-c <name>=<value>]\n           [--exec-path[=<path>]] [--html-path] [--man-path] [--info-path]\n           [-p | --paginate | -P | --no-pager] [--no-replace-objects] [--bare]\n           [--git-dir=<path>] [--work-tree=<path>] [--namespace=<name>]\n           [--config-env=<name>=<envvar>] <command> [<args>]\n\nThese are common Git commands used in various situations:\n\nstart a working area (see also: git help tutorial)\n   clone     Clone a repository into a new directory\n   init      Create an empty Git repository or reinitialize an existing one\n\nwork on the current change (see also: git help everyday)\n   add       Add file contents to the index\n   mv        Move or rename a file, a directory, or a symlink\n   restore   Restore working tree files\n   rm        Remove files from the working tree and from the index\n\nexamine the history and state (see also: git help revisions)\n   bisect    Use binary search to find the commit that introduced a bug\n   diff      Show changes between commits, commit and working tree, etc\n   grep      Print lines matching a pattern\n   log       Show commit logs\n   show      Show various types of objects\n   status    Show the working tree status\n\ngrow, mark and tweak your common history\n   branch    List, create, or delete branches\n   commit    Record changes to the repository\n   merge     Join two or more development histories together\n   rebase    Reapply commits on top of another base tip\n   reset     Reset current HEAD to the specified state\n   switch    Switch branches\n   tag       Create, list, delete or verify a tag object signed with GPG\n\ncollaborate (see also: git help workflows)\n   fetch     Download objects and refs from another repository\n   pull      Fetch from and integrate with another repository or a local branch\n   push      Update remote refs along with associated objects\n\n'git help -a' and 'git help -g' list available subcommands and some\nconcept guides. See 'git help <command>' or 'git help <concept>'\nto read about a specific subcommand or concept.\nSee 'git help git' for an overview of the system.\n""
[0m14:57:25.249086 [debug] [MainThread]: STDERR: "b''"
[0m14:57:25.249086 [info ] [MainThread]:  - git [[32mOK found[0m]

[0m14:57:25.250081 [info ] [MainThread]: Connection test skipped since no profile was found
[0m14:57:25.251079 [info ] [MainThread]: [31m2 checks failed:[0m
[0m14:57:25.251490 [info ] [MainThread]: Could not load dbt_project.yml
Profile loading failed for the following reason:
Runtime Error
  Credentials in profile "sakila_dbt", target "dev" invalid: ['dbname'] is not of type 'string'


[0m14:57:25.253065 [info ] [MainThread]: Project loading failed for the following reason:
 project path <C:\Users\as4ti\OneDrive\PowerBI\Projects\AgileEnginePBI\Git_hub\dbt_project.yml> not found

[0m14:57:25.253065 [debug] [MainThread]: Command `dbt debug` failed at 14:57:25.253065 after 0.15 seconds
[0m14:57:25.254064 [debug] [MainThread]: Sending event: {'category': 'dbt', 'action': 'invocation', 'label': 'end', 'context': [<snowplow_tracker.self_describing_json.SelfDescribingJson object at 0x000001D1FD6F2B30>, <snowplow_tracker.self_describing_json.SelfDescribingJson object at 0x000001D18062E770>, <snowplow_tracker.self_describing_json.SelfDescribingJson object at 0x000001D1806EB5B0>]}
[0m14:57:25.254064 [debug] [MainThread]: Flushing usage events
[0m14:58:16.009893 [debug] [MainThread]: Sending event: {'category': 'dbt', 'action': 'invocation', 'label': 'start', 'context': [<snowplow_tracker.self_describing_json.SelfDescribingJson object at 0x00000193417E2B60>, <snowplow_tracker.self_describing_json.SelfDescribingJson object at 0x000001934452AA40>, <snowplow_tracker.self_describing_json.SelfDescribingJson object at 0x000001934452A890>]}


============================== 14:58:16.014148 | 2de6f9dd-848d-41e8-b0a7-843964e4cb57 ==============================
[0m14:58:16.014148 [info ] [MainThread]: Running with dbt=1.6.0
[0m14:58:16.015186 [debug] [MainThread]: running dbt with arguments {'printer_width': '80', 'indirect_selection': 'eager', 'log_cache_events': 'False', 'write_json': 'True', 'partial_parse': 'True', 'cache_selected_only': 'False', 'profiles_dir': 'C:\\Users\\as4ti\\.dbt', 'debug': 'False', 'fail_fast': 'False', 'log_path': 'logs', 'version_check': 'True', 'warn_error': 'None', 'use_colors': 'True', 'use_experimental_parser': 'False', 'no_print': 'None', 'quiet': 'False', 'warn_error_options': 'WarnErrorOptions(include=[], exclude=[])', 'invocation_command': 'dbt test', 'log_format': 'default', 'introspect': 'True', 'target_path': 'None', 'static_parser': 'True', 'send_anonymous_usage_stats': 'True'}
[0m14:58:16.016139 [error] [MainThread]: Encountered an error:
Runtime Error
  No dbt_project.yml found at expected path C:\Users\as4ti\OneDrive\PowerBI\Projects\AgileEnginePBI\Git_hub\dbt_project.yml
  Verify that each entry within packages.yml (and their transitive dependencies) contains a file named dbt_project.yml
  
[0m14:58:16.017138 [debug] [MainThread]: Command `dbt test` failed at 14:58:16.017138 after 0.02 seconds
[0m14:58:16.018129 [debug] [MainThread]: Sending event: {'category': 'dbt', 'action': 'invocation', 'label': 'end', 'context': [<snowplow_tracker.self_describing_json.SelfDescribingJson object at 0x00000193417E2B60>, <snowplow_tracker.self_describing_json.SelfDescribingJson object at 0x000001934452AB30>, <snowplow_tracker.self_describing_json.SelfDescribingJson object at 0x000001934452AB90>]}
[0m14:58:16.018129 [debug] [MainThread]: Flushing usage events
